Flow report for display
Sat Nov 23 18:24:32 2019
Quartus Prime Version 18.0.0 Build 614 04/24/2018 SJ Standard Edition


---------------------
; Table of Contents ;
---------------------
  1. Legal Notice
  2. Flow Summary
  3. Flow Settings
  4. Flow Non-Default Global Settings
  5. Flow Elapsed Time
  6. Flow OS Summary
  7. Flow Log
  8. Flow Messages
  9. Flow Suppressed Messages



----------------
; Legal Notice ;
----------------
Copyright (C) 2018  Intel Corporation. All rights reserved.
Your use of Intel Corporation's design tools, logic functions 
and other software and tools, and its AMPP partner logic 
functions, and any output files from any of the foregoing 
(including device programming or simulation files), and any 
associated documentation or information are expressly subject 
to the terms and conditions of the Intel Program License 
Subscription Agreement, the Intel Quartus Prime License Agreement,
the Intel FPGA IP License Agreement, or other applicable license
agreement, including, without limitation, that your use is for
the sole purpose of programming logic devices manufactured by
Intel and sold by Intel or its authorized distributors.  Please
refer to the applicable agreement for further details.



+-----------------------------------------------------------------------------------+
; Flow Summary                                                                      ;
+---------------------------------+-------------------------------------------------+
; Flow Status                     ; Successful - Sat Nov 23 18:23:57 2019           ;
; Quartus Prime Version           ; 18.0.0 Build 614 04/24/2018 SJ Standard Edition ;
; Revision Name                   ; display                                         ;
; Top-level Entity Name           ; display                                         ;
; Family                          ; Cyclone V                                       ;
; Device                          ; 5CSEMA5F31C6                                    ;
; Timing Models                   ; Final                                           ;
; Logic utilization (in ALMs)     ; 2,487 / 32,070 ( 8 % )                          ;
; Total registers                 ; 65                                              ;
; Total pins                      ; 44 / 457 ( 10 % )                               ;
; Total virtual pins              ; 0                                               ;
; Total block memory bits         ; 940,800 / 4,065,280 ( 23 % )                    ;
; Total DSP Blocks                ; 3 / 87 ( 3 % )                                  ;
; Total HSSI RX PCSs              ; 0                                               ;
; Total HSSI PMA RX Deserializers ; 0                                               ;
; Total HSSI TX PCSs              ; 0                                               ;
; Total HSSI PMA TX Serializers   ; 0                                               ;
; Total PLLs                      ; 1 / 6 ( 17 % )                                  ;
; Total DLLs                      ; 0 / 4 ( 0 % )                                   ;
+---------------------------------+-------------------------------------------------+


+-----------------------------------------+
; Flow Settings                           ;
+-------------------+---------------------+
; Option            ; Setting             ;
+-------------------+---------------------+
; Start date & time ; 11/23/2019 18:20:32 ;
; Main task         ; Compilation         ;
; Revision Name     ; display             ;
+-------------------+---------------------+


+---------------------------------------------------------------------------------------------------------------------------------------+
; Flow Non-Default Global Settings                                                                                                      ;
+-------------------------------------+------------------------------------------------------+---------------+-------------+------------+
; Assignment Name                     ; Value                                                ; Default Value ; Entity Name ; Section Id ;
+-------------------------------------+------------------------------------------------------+---------------+-------------+------------+
; COMPILER_SIGNATURE_ID               ; 167746773791087.157455123209108                      ; --            ; --          ; --         ;
; MAX_CORE_JUNCTION_TEMP              ; 85                                                   ; --            ; --          ; --         ;
; MIN_CORE_JUNCTION_TEMP              ; 0                                                    ; --            ; --          ; --         ;
; MISC_FILE                           ; //SRVA/Homes$/tianyix2/Desktop/fp_3.3/image_ram_bb.v ; --            ; --          ; --         ;
; PARTITION_COLOR                     ; -- (Not supported for targeted family)               ; --            ; --          ; Top        ;
; PARTITION_FITTER_PRESERVATION_LEVEL ; -- (Not supported for targeted family)               ; --            ; --          ; Top        ;
; PARTITION_NETLIST_TYPE              ; -- (Not supported for targeted family)               ; --            ; --          ; Top        ;
; PROJECT_OUTPUT_DIRECTORY            ; output_files                                         ; --            ; --          ; --         ;
+-------------------------------------+------------------------------------------------------+---------------+-------------+------------+


+--------------------------------------------------------------------------------------------------------------------------+
; Flow Elapsed Time                                                                                                        ;
+----------------------+--------------+-------------------------+---------------------+------------------------------------+
; Module Name          ; Elapsed Time ; Average Processors Used ; Peak Virtual Memory ; Total CPU Time (on all processors) ;
+----------------------+--------------+-------------------------+---------------------+------------------------------------+
; Analysis & Synthesis ; 00:00:34     ; 1.0                     ; 800 MB              ; 00:00:36                           ;
; Fitter               ; 00:02:18     ; 1.3                     ; 2622 MB             ; 00:05:53                           ;
; Assembler            ; 00:00:14     ; 1.0                     ; 780 MB              ; 00:00:10                           ;
; Timing Analyzer      ; 00:00:34     ; 2.4                     ; 1160 MB             ; 00:00:46                           ;
; Total                ; 00:03:40     ; --                      ; --                  ; 00:07:25                           ;
+----------------------+--------------+-------------------------+---------------------+------------------------------------+


+------------------------------------------------------------------------------------+
; Flow OS Summary                                                                    ;
+----------------------+------------------+------------+------------+----------------+
; Module Name          ; Machine Hostname ; OS Name    ; OS Version ; Processor type ;
+----------------------+------------------+------------+------------+----------------+
; Analysis & Synthesis ; BA3135WS23       ; Windows 10 ; 10.0       ; x86_64         ;
; Fitter               ; BA3135WS23       ; Windows 10 ; 10.0       ; x86_64         ;
; Assembler            ; BA3135WS23       ; Windows 10 ; 10.0       ; x86_64         ;
; Timing Analyzer      ; BA3135WS23       ; Windows 10 ; 10.0       ; x86_64         ;
+----------------------+------------------+------------+------------+----------------+


------------
; Flow Log ;
------------
quartus_map --read_settings_files=on --write_settings_files=off display -c display
quartus_fit --read_settings_files=off --write_settings_files=off display -c display
quartus_asm --read_settings_files=off --write_settings_files=off display -c display
quartus_sta display -c display



